[11/Jan/2022:13:08:55] (I): WordPress Instance Info:
[11/Jan/2022:13:08:55] (I): Home URL : http://localhost:8888/demo
[11/Jan/2022:13:08:55] (I): Site URL : http://localhost:8888/demo
[11/Jan/2022:13:08:55] (I): WordPress Version : 5.8.3
[11/Jan/2022:13:08:55] (I): Onboarding Version : 1.1.18
[11/Jan/2022:13:08:55] (I): Multisite : No
[11/Jan/2022:13:08:55] (I): Server Info : Apache/2.4.52 (Win64) OpenSSL/1.1.1m PHP/8.1.1
[11/Jan/2022:13:08:55] (I): PHP Version : 8.1.1
[11/Jan/2022:13:08:55] (I): HTTPS : No
[11/Jan/2022:13:08:55] (I): PHP Max Execution Time : 120
[11/Jan/2022:13:08:55] (I): PHP Max Input Vars : 1000
[11/Jan/2022:13:08:55] (I): Max Upload Size : 41943040
[11/Jan/2022:13:08:55] (I): Plugins:
[11/Jan/2022:13:08:55] (I): [PLUGIN] Login/Signup Popup : v2.3 (XootiX)
[11/Jan/2022:13:08:55] (I): [PLUGIN] Elementor : v3.4.8 (Elementor.com)
[11/Jan/2022:13:08:55] (I): [PLUGIN] kk Star Ratings : v5.2.4 (Kamal Khan)
[11/Jan/2022:13:08:55] (I): [PLUGIN] Custom Login Page Customizer : v2.1.6 (Hardeep Asrani)
[11/Jan/2022:13:08:55] (I): [PLUGIN] Login Logout Register Menu : v2.0 (Vinod Dalvi)
[11/Jan/2022:13:08:55] (I): [PLUGIN] LoginPress - Customizing the WordPress Login Screen. : v1.5.10 (WPBrigade)
[11/Jan/2022:13:08:55] (I): [PLUGIN] Templates Patterns Collection : v1.1.18 (ThemeIsle)
[11/Jan/2022:13:08:55] (I): [PLUGIN] WPForms Lite : v1.7.1.2 (WPForms)
